<?xml version="1.0" encoding="UTF-8"?>
<!-- Generated by org.testng.reporters.JUnitReportReporter -->
<testsuite hostname="LENOVO" failures="0" tests="3" name="testng.NewTest" time="29.059" errors="0" timestamp="2023-04-24T22:25:36 IST" skipped="0">
  <testcase classname="testng.NewTest" name="Facebook" time="3.597"/>
  <system-out/>
  <testcase classname="testng.NewTest" name="twitter" time="17.442"/>
  <system-out/>
  <testcase classname="testng.NewTest" name="selenium" time="8.020"/>
  <system-out/>
</testsuite> <!-- testng.NewTest -->
