<?xml version="1.0" encoding="UTF-8"?>
<!-- Generated by org.testng.reporters.JUnitReportReporter -->
<testsuite hostname="LENOVO" failures="0" tests="1" name="testng.IdLocators" time="20.446" errors="0" timestamp="2023-04-24T22:45:09 IST" skipped="0">
  <testcase classname="testng.IdLocators" name="f" time="20.446"/>
  <system-out/>
</testsuite> <!-- testng.IdLocators -->
